{
  "stats": {
    "suites": 1,
    "tests": 2,
    "passes": 2,
    "pending": 0,
    "failures": 0,
    "start": "2022-08-09T19:04:27.900Z",
    "end": "2022-08-09T19:04:33.454Z",
    "duration": 5554,
    "testsRegistered": 2,
    "passPercent": 100,
    "pendingPercent": 0,
    "other": 0,
    "hasOther": false,
    "skipped": 0,
    "hasSkipped": false
  },
  "results": [
    {
      "uuid": "b6b2c289-feb9-4d21-957c-222176bfb7bb",
      "title": "",
      "fullFile": "cypress/integration/apiTests/firstApiTest.js",
      "file": "cypress/integration/apiTests/firstApiTest.js",
      "beforeHooks": [],
      "afterHooks": [],
      "tests": [],
      "suites": [
        {
          "uuid": "64b9bb7f-9338-4ce3-bc77-6bad5ea8f849",
          "title": "E2E - We learn how to run our first API test",
          "fullFile": "",
          "file": "",
          "beforeHooks": [],
          "afterHooks": [],
          "tests": [
            {
              "title": "First API Test - checking loaded popular tag",
              "fullTitle": "E2E - We learn how to run our first API test First API Test - checking loaded popular tag",
              "timedOut": null,
              "duration": 2583,
              "state": "passed",
              "speed": "fast",
              "pass": true,
              "fail": false,
              "pending": false,
              "context": null,
              "code": "cy.intercept(\"GET\", \"https://api.realworld.io/api/tags\").as(\"requestPopularTag\"); // intercept przechwytywanie zapytań api na froncie\ncy.visit(\"https://angular.realworld.io/\");\ncy.wait(\"@requestPopularTag\");\ncy.get(\"@requestPopularTag\").then(response => {\n  console.log(response);\n  expect(response.response.statusCode).to.eq(200);\n  expect(response.response.body.tags).to.contain(\"welcome\").and.to.contain(\"introduction\");\n});",
              "err": {},
              "uuid": "f7255a84-8db8-4662-9109-4cdc1f10bec6",
              "parentUUID": "64b9bb7f-9338-4ce3-bc77-6bad5ea8f849",
              "isHook": false,
              "skipped": false
            },
            {
              "title": "First API Test - checking that incorrect login try gets 403 Forbbiden",
              "fullTitle": "E2E - We learn how to run our first API test First API Test - checking that incorrect login try gets 403 Forbbiden",
              "timedOut": null,
              "duration": 1474,
              "state": "passed",
              "speed": "fast",
              "pass": true,
              "fail": false,
              "pending": false,
              "context": null,
              "code": "cy.intercept(\"POST\", \"https://api.realworld.io/api/users/login\").as(\"userLogIn\");\ncy.get(\"a.nav-link\").contains(\"Sign in\").click();\ncy.userLogin(\"incorrectLogin\", \"incorrectPassword\");\ncy.wait(\"@userLogIn\");\ncy.get(\"@userLogIn\").then(responseCode => {\n  console.log(responseCode);\n  expect(responseCode.response.statusCode).to.eq(403);\n  expect(responseCode.response.statusMessage).to.contain(this.apiData.statusMessage403);\n});",
              "err": {},
              "uuid": "a3e904f0-3ba1-4323-971b-491c7221d047",
              "parentUUID": "64b9bb7f-9338-4ce3-bc77-6bad5ea8f849",
              "isHook": false,
              "skipped": false
            }
          ],
          "suites": [],
          "passes": [
            "f7255a84-8db8-4662-9109-4cdc1f10bec6",
            "a3e904f0-3ba1-4323-971b-491c7221d047"
          ],
          "failures": [],
          "pending": [],
          "skipped": [],
          "duration": 4057,
          "root": false,
          "rootEmpty": false,
          "_timeout": 2000
        }
      ],
      "passes": [],
      "failures": [],
      "pending": [],
      "skipped": [],
      "duration": 0,
      "root": true,
      "rootEmpty": true,
      "_timeout": 2000
    }
  ],
  "meta": {
    "mocha": {
      "version": "7.0.1"
    },
    "mochawesome": {
      "options": {
        "quiet": false,
        "reportFilename": "mochawesome",
        "saveHtml": false,
        "saveJson": true,
        "consoleReporter": "spec",
        "useInlineDiffs": false,
        "code": true
      },
      "version": "7.1.3"
    },
    "marge": {
      "options": {
        "id": "default",
        "reportDir": "cypress/results/mochawesome",
        "overwrite": false,
        "html": false,
        "json": true
      },
      "version": "6.2.0"
    }
  }
}