{
  "stats": {
    "suites": 1,
    "tests": 1,
    "passes": 1,
    "pending": 0,
    "failures": 0,
    "start": "2022-08-09T19:06:08.026Z",
    "end": "2022-08-09T19:06:32.516Z",
    "duration": 24490,
    "testsRegistered": 1,
    "passPercent": 100,
    "pendingPercent": 0,
    "other": 0,
    "hasOther": false,
    "skipped": 0,
    "hasSkipped": false
  },
  "results": [
    {
      "uuid": "416bad44-2cef-45f5-907d-6d6696ddadf0",
      "title": "",
      "fullFile": "cypress/integration/customCommands.js",
      "file": "cypress/integration/customCommands.js",
      "beforeHooks": [],
      "afterHooks": [],
      "tests": [],
      "suites": [
        {
          "uuid": "57bd29ed-976b-4f9b-8ea2-af74f1745ee1",
          "title": "E2E - We learn how to use custom commands",
          "fullFile": "",
          "file": "",
          "beforeHooks": [],
          "afterHooks": [],
          "tests": [
            {
              "title": "A practice to use custom commands",
              "fullTitle": "E2E - We learn how to use custom commands A practice to use custom commands",
              "timedOut": null,
              "duration": 24476,
              "state": "passed",
              "speed": "slow",
              "pass": true,
              "fail": false,
              "pending": false,
              "context": null,
              "code": "cy.openTshirtsTab();\ncy.searchPharse(\"Random text value\", 1200);\ncy.searchPharseClear();",
              "err": {},
              "uuid": "b6a0e5ac-da64-4c96-846f-0bf69da7b1fa",
              "parentUUID": "57bd29ed-976b-4f9b-8ea2-af74f1745ee1",
              "isHook": false,
              "skipped": false
            }
          ],
          "suites": [],
          "passes": [
            "b6a0e5ac-da64-4c96-846f-0bf69da7b1fa"
          ],
          "failures": [],
          "pending": [],
          "skipped": [],
          "duration": 24476,
          "root": false,
          "rootEmpty": false,
          "_timeout": 2000
        }
      ],
      "passes": [],
      "failures": [],
      "pending": [],
      "skipped": [],
      "duration": 0,
      "root": true,
      "rootEmpty": true,
      "_timeout": 2000
    }
  ],
  "meta": {
    "mocha": {
      "version": "7.0.1"
    },
    "mochawesome": {
      "options": {
        "quiet": false,
        "reportFilename": "mochawesome",
        "saveHtml": false,
        "saveJson": true,
        "consoleReporter": "spec",
        "useInlineDiffs": false,
        "code": true
      },
      "version": "7.1.3"
    },
    "marge": {
      "options": {
        "id": "default",
        "reportDir": "cypress/results/mochawesome",
        "overwrite": false,
        "html": false,
        "json": true
      },
      "version": "6.2.0"
    }
  }
}