{
  "stats": {
    "suites": 1,
    "tests": 1,
    "passes": 0,
    "pending": 0,
    "failures": 1,
    "start": "2022-08-09T21:17:01.738Z",
    "end": "2022-08-09T21:17:35.317Z",
    "duration": 33579,
    "testsRegistered": 1,
    "passPercent": 0,
    "pendingPercent": 0,
    "other": 0,
    "hasOther": false,
    "skipped": 0,
    "hasSkipped": false
  },
  "results": [
    {
      "uuid": "9428c633-af1a-4feb-9ce9-6ccc62f3ee70",
      "title": "",
      "fullFile": "cypress/integration/visualTesting.js",
      "file": "cypress/integration/visualTesting.js",
      "beforeHooks": [],
      "afterHooks": [],
      "tests": [],
      "suites": [
        {
          "uuid": "a7c1026a-b0c8-44b0-8969-a4e7fa7c79f6",
          "title": "E2E - We learn how test visual regresion",
          "fullFile": "",
          "file": "",
          "beforeHooks": [],
          "afterHooks": [],
          "tests": [
            {
              "title": "We veryfi elements",
              "fullTitle": "E2E - We learn how test visual regresion We veryfi elements",
              "timedOut": null,
              "duration": 32234,
              "state": "failed",
              "speed": null,
              "pass": false,
              "fail": true,
              "pending": false,
              "context": null,
              "code": "cy.visit(\"https://picsum.photos/\");\ncy.get(\"header.content-section-light\").then(getImage => {\n  cy.wrap(getImage).toMatchSnapshot();\n});",
              "err": {
                "message": "CypressError: `cy.screenshot()` timed out waiting `30000ms` to complete.",
                "estack": "CypressError: `cy.screenshot()` timed out waiting `30000ms` to complete.\n    at https://picsum.photos/__cypress/runner/cypress_runner.js:160778:81\n    at tryCatcher (https://picsum.photos/__cypress/runner/cypress_runner.js:13022:23)\n    at https://picsum.photos/__cypress/runner/cypress_runner.js:8144:41\n    at tryCatcher (https://picsum.photos/__cypress/runner/cypress_runner.js:13022:23)\n    at Promise._settlePromiseFromHandler (https://picsum.photos/__cypress/runner/cypress_runner.js:10957:31)\n    at Promise._settlePromise (https://picsum.photos/__cypress/runner/cypress_runner.js:11014:18)\n    at Promise._settlePromise0 (https://picsum.photos/__cypress/runner/cypress_runner.js:11059:10)\n    at Promise._settlePromises (https://picsum.photos/__cypress/runner/cypress_runner.js:11135:18)\n    at _drainQueueStep (https://picsum.photos/__cypress/runner/cypress_runner.js:7729:12)\n    at _drainQueue (https://picsum.photos/__cypress/runner/cypress_runner.js:7722:9)\n    at Async.../../node_modules/bluebird/js/release/async.js.Async._drainQueues (https://picsum.photos/__cypress/runner/cypress_runner.js:7738:5)\n    at Async.drainQueues (https://picsum.photos/__cypress/runner/cypress_runner.js:7608:14)",
                "diff": null
              },
              "uuid": "dcbbb978-91c7-4aaa-8e3c-d8f6090286ac",
              "parentUUID": "a7c1026a-b0c8-44b0-8969-a4e7fa7c79f6",
              "isHook": false,
              "skipped": false
            }
          ],
          "suites": [],
          "passes": [],
          "failures": [
            "dcbbb978-91c7-4aaa-8e3c-d8f6090286ac"
          ],
          "pending": [],
          "skipped": [],
          "duration": 32234,
          "root": false,
          "rootEmpty": false,
          "_timeout": 2000
        }
      ],
      "passes": [],
      "failures": [],
      "pending": [],
      "skipped": [],
      "duration": 0,
      "root": true,
      "rootEmpty": true,
      "_timeout": 2000
    }
  ],
  "meta": {
    "mocha": {
      "version": "7.0.1"
    },
    "mochawesome": {
      "options": {
        "quiet": false,
        "reportFilename": "mochawesome",
        "saveHtml": false,
        "saveJson": true,
        "consoleReporter": "spec",
        "useInlineDiffs": false,
        "code": true
      },
      "version": "7.1.3"
    },
    "marge": {
      "options": {
        "id": "default",
        "reportDir": "cypress/results/mochawesome",
        "overwrite": false,
        "html": false,
        "json": true
      },
      "version": "6.2.0"
    }
  }
}