{
  "stats": {
    "suites": 1,
    "tests": 1,
    "passes": 1,
    "pending": 0,
    "failures": 0,
    "start": "2022-08-09T21:18:36.744Z",
    "end": "2022-08-09T21:18:43.281Z",
    "duration": 6537,
    "testsRegistered": 1,
    "passPercent": 100,
    "pendingPercent": 0,
    "other": 0,
    "hasOther": false,
    "skipped": 0,
    "hasSkipped": false
  },
  "results": [
    {
      "uuid": "84966a43-98e7-4359-b8ba-f4d5efeefb91",
      "title": "",
      "fullFile": "cypress/integration/visualTesting.js",
      "file": "cypress/integration/visualTesting.js",
      "beforeHooks": [],
      "afterHooks": [],
      "tests": [],
      "suites": [
        {
          "uuid": "17424913-2c91-4ef9-82f7-d3fbf88ecc96",
          "title": "E2E - We learn how test visual regresion",
          "fullFile": "",
          "file": "",
          "beforeHooks": [],
          "afterHooks": [],
          "tests": [
            {
              "title": "We veryfi elements",
              "fullTitle": "E2E - We learn how test visual regresion We veryfi elements",
              "timedOut": null,
              "duration": 5224,
              "state": "passed",
              "speed": "medium",
              "pass": true,
              "fail": false,
              "pending": false,
              "context": null,
              "code": "cy.visit(\"https://picsum.photos/\");\ncy.percySnapshot();",
              "err": {},
              "uuid": "f7c3d644-59be-4d2e-957a-cb2c8623b24b",
              "parentUUID": "17424913-2c91-4ef9-82f7-d3fbf88ecc96",
              "isHook": false,
              "skipped": false
            }
          ],
          "suites": [],
          "passes": [
            "f7c3d644-59be-4d2e-957a-cb2c8623b24b"
          ],
          "failures": [],
          "pending": [],
          "skipped": [],
          "duration": 5224,
          "root": false,
          "rootEmpty": false,
          "_timeout": 2000
        }
      ],
      "passes": [],
      "failures": [],
      "pending": [],
      "skipped": [],
      "duration": 0,
      "root": true,
      "rootEmpty": true,
      "_timeout": 2000
    }
  ],
  "meta": {
    "mocha": {
      "version": "7.0.1"
    },
    "mochawesome": {
      "options": {
        "quiet": false,
        "reportFilename": "mochawesome",
        "saveHtml": false,
        "saveJson": true,
        "consoleReporter": "spec",
        "useInlineDiffs": false,
        "code": true
      },
      "version": "7.1.3"
    },
    "marge": {
      "options": {
        "id": "default",
        "reportDir": "cypress/results/mochawesome",
        "overwrite": false,
        "html": false,
        "json": true
      },
      "version": "6.2.0"
    }
  }
}