{
  "stats": {
    "suites": 1,
    "tests": 1,
    "passes": 1,
    "pending": 0,
    "failures": 0,
    "start": "2022-08-09T19:06:41.979Z",
    "end": "2022-08-09T19:07:09.391Z",
    "duration": 27412,
    "testsRegistered": 1,
    "passPercent": 100,
    "pendingPercent": 0,
    "other": 0,
    "hasOther": false,
    "skipped": 0,
    "hasSkipped": false
  },
  "results": [
    {
      "uuid": "369f8c56-8f8b-4e99-b3b0-2060834c2a7d",
      "title": "",
      "fullFile": "cypress/integration/first.js",
      "file": "cypress/integration/first.js",
      "beforeHooks": [],
      "afterHooks": [],
      "tests": [],
      "suites": [
        {
          "uuid": "61f73fde-9766-492a-8003-087dd4b9dc8e",
          "title": "E2E - Home Page",
          "fullFile": "",
          "file": "",
          "beforeHooks": [],
          "afterHooks": [],
          "tests": [
            {
              "title": "Should open home page - automationpractice",
              "fullTitle": "E2E - Home Page Should open home page - automationpractice",
              "timedOut": null,
              "duration": 27394,
              "state": "passed",
              "speed": "slow",
              "pass": true,
              "fail": false,
              "pending": false,
              "context": null,
              "code": "cy.visit(\"/\");",
              "err": {},
              "uuid": "f5d95ac9-c7ff-4f92-b2f7-058d667c3a21",
              "parentUUID": "61f73fde-9766-492a-8003-087dd4b9dc8e",
              "isHook": false,
              "skipped": false
            }
          ],
          "suites": [],
          "passes": [
            "f5d95ac9-c7ff-4f92-b2f7-058d667c3a21"
          ],
          "failures": [],
          "pending": [],
          "skipped": [],
          "duration": 27394,
          "root": false,
          "rootEmpty": false,
          "_timeout": 2000
        }
      ],
      "passes": [],
      "failures": [],
      "pending": [],
      "skipped": [],
      "duration": 0,
      "root": true,
      "rootEmpty": true,
      "_timeout": 2000
    }
  ],
  "meta": {
    "mocha": {
      "version": "7.0.1"
    },
    "mochawesome": {
      "options": {
        "quiet": false,
        "reportFilename": "mochawesome",
        "saveHtml": false,
        "saveJson": true,
        "consoleReporter": "spec",
        "useInlineDiffs": false,
        "code": true
      },
      "version": "7.1.3"
    },
    "marge": {
      "options": {
        "id": "default",
        "reportDir": "cypress/results/mochawesome",
        "overwrite": false,
        "html": false,
        "json": true
      },
      "version": "6.2.0"
    }
  }
}