{
  "stats": {
    "suites": 1,
    "tests": 2,
    "passes": 2,
    "pending": 0,
    "failures": 0,
    "start": "2022-08-09T19:04:24.193Z",
    "end": "2022-08-09T19:04:25.697Z",
    "duration": 1504,
    "testsRegistered": 2,
    "passPercent": 100,
    "pendingPercent": 0,
    "other": 0,
    "hasOther": false,
    "skipped": 0,
    "hasSkipped": false
  },
  "results": [
    {
      "uuid": "0eccabdb-df11-49b1-a978-08a2fe791fc1",
      "title": "",
      "fullFile": "cypress/integration/alerty.js",
      "file": "cypress/integration/alerty.js",
      "beforeHooks": [],
      "afterHooks": [],
      "tests": [],
      "suites": [
        {
          "uuid": "e36f7013-34ac-4e9b-97ec-e022e7194dac",
          "title": "E2E - We learn how to check correctly popup alert",
          "fullFile": "",
          "file": "",
          "beforeHooks": [],
          "afterHooks": [],
          "tests": [
            {
              "title": "We popup alerts",
              "fullTitle": "E2E - We learn how to check correctly popup alert We popup alerts",
              "timedOut": null,
              "duration": 159,
              "state": "passed",
              "speed": "fast",
              "pass": true,
              "fail": false,
              "pending": false,
              "context": null,
              "code": "cy.visit(\"https://testowanie-oprogramowania.pl/lekcje/alerty/\");\ncy.get(\"#alert\").click();\ncy.on(\"window:alert\", text => {\n  expect(text).to.equal(\"Przykładowa treść alertu\");\n});",
              "err": {},
              "uuid": "58bd8ae5-6003-4257-8d5f-a91cbfa67d1e",
              "parentUUID": "e36f7013-34ac-4e9b-97ec-e022e7194dac",
              "isHook": false,
              "skipped": false
            },
            {
              "title": "Second alert",
              "fullTitle": "E2E - We learn how to check correctly popup alert Second alert",
              "timedOut": null,
              "duration": 86,
              "state": "passed",
              "speed": "fast",
              "pass": true,
              "fail": false,
              "pending": false,
              "context": null,
              "code": "cy.get(\"#alert-confirm\").click();\ncy.on(\"window:confirm\", text => {\n  expect(text).to.equal(\"Zaakceptuj aby kontynuować!\");\n});\ncy.on(\"window:confirm\", () => true);",
              "err": {},
              "uuid": "0734b486-101f-475f-8a55-2da39d30b31c",
              "parentUUID": "e36f7013-34ac-4e9b-97ec-e022e7194dac",
              "isHook": false,
              "skipped": false
            }
          ],
          "suites": [],
          "passes": [
            "58bd8ae5-6003-4257-8d5f-a91cbfa67d1e",
            "0734b486-101f-475f-8a55-2da39d30b31c"
          ],
          "failures": [],
          "pending": [],
          "skipped": [],
          "duration": 245,
          "root": false,
          "rootEmpty": false,
          "_timeout": 2000
        }
      ],
      "passes": [],
      "failures": [],
      "pending": [],
      "skipped": [],
      "duration": 0,
      "root": true,
      "rootEmpty": true,
      "_timeout": 2000
    }
  ],
  "meta": {
    "mocha": {
      "version": "7.0.1"
    },
    "mochawesome": {
      "options": {
        "quiet": false,
        "reportFilename": "mochawesome",
        "saveHtml": false,
        "saveJson": true,
        "consoleReporter": "spec",
        "useInlineDiffs": false,
        "code": true
      },
      "version": "7.1.3"
    },
    "marge": {
      "options": {
        "id": "default",
        "reportDir": "cypress/results/mochawesome",
        "overwrite": false,
        "html": false,
        "json": true
      },
      "version": "6.2.0"
    }
  }
}