{
  "stats": {
    "suites": 1,
    "tests": 1,
    "passes": 0,
    "pending": 0,
    "failures": 1,
    "start": "2022-08-09T19:08:13.365Z",
    "end": "2022-08-09T19:08:34.538Z",
    "duration": 21173,
    "testsRegistered": 1,
    "passPercent": 0,
    "pendingPercent": 0,
    "other": 0,
    "hasOther": false,
    "skipped": 0,
    "hasSkipped": false
  },
  "results": [
    {
      "uuid": "da0bcc80-ac05-4d3d-9485-24fe61091aed",
      "title": "",
      "fullFile": "cypress/integration/selectory.js",
      "file": "cypress/integration/selectory.js",
      "beforeHooks": [],
      "afterHooks": [],
      "tests": [],
      "suites": [
        {
          "uuid": "d0f3be41-ea23-4a0c-93f6-3209699f187d",
          "title": "E2E - We learn how to select some values from list",
          "fullFile": "",
          "file": "",
          "beforeHooks": [],
          "afterHooks": [],
          "tests": [
            {
              "title": "Click all avaibe option from list",
              "fullTitle": "E2E - We learn how to select some values from list Click all avaibe option from list",
              "timedOut": null,
              "duration": 21148,
              "state": "failed",
              "speed": null,
              "pass": false,
              "fail": true,
              "pending": false,
              "context": null,
              "code": "cy.visit(\"/index.php?id_category=3&controller=category\");\ncy.get(\"#selectProductSort\").then(select => {\n  cy.wrap(select).find(\"option\").each(item => {\n    cy.wrap(select).select(item.text());\n  });\n});",
              "err": {
                "message": "CypressError: `cy.visit()` failed trying to load:\n\nhttp://automationpractice.com/index.php?id_category=3&controller=category\n\nWe attempted to make an http request to this URL but the request failed without a response.\n\nWe received this error at the network level:\n\n  > Error: connect ETIMEDOUT 173.231.240.87:80\n\nCommon situations why this would fail:\n  - you don't have internet access\n  - you forgot to run / boot your web server\n  - your web server isn't accessible\n  - you have weird network configuration settings on your computer",
                "estack": "CypressError: `cy.visit()` failed trying to load:\n\nhttp://automationpractice.com/index.php?id_category=3&controller=category\n\nWe attempted to make an http request to this URL but the request failed without a response.\n\nWe received this error at the network level:\n\n  > Error: connect ETIMEDOUT 173.231.240.87:80\n\nCommon situations why this would fail:\n  - you don't have internet access\n  - you forgot to run / boot your web server\n  - your web server isn't accessible\n  - you have weird network configuration settings on your computer\n    at http://automationpractice.com/__cypress/runner/cypress_runner.js:159293:82\n    at visitFailedByErr (http://automationpractice.com/__cypress/runner/cypress_runner.js:158643:12)\n    at http://automationpractice.com/__cypress/runner/cypress_runner.js:159292:11\n    at tryCatcher (http://automationpractice.com/__cypress/runner/cypress_runner.js:13022:23)\n    at Promise._settlePromiseFromHandler (http://automationpractice.com/__cypress/runner/cypress_runner.js:10957:31)\n    at Promise._settlePromise (http://automationpractice.com/__cypress/runner/cypress_runner.js:11014:18)\n    at Promise._settlePromise0 (http://automationpractice.com/__cypress/runner/cypress_runner.js:11059:10)\n    at Promise._settlePromises (http://automationpractice.com/__cypress/runner/cypress_runner.js:11135:18)\n    at _drainQueueStep (http://automationpractice.com/__cypress/runner/cypress_runner.js:7729:12)\n    at _drainQueue (http://automationpractice.com/__cypress/runner/cypress_runner.js:7722:9)\n    at Async.../../node_modules/bluebird/js/release/async.js.Async._drainQueues (http://automationpractice.com/__cypress/runner/cypress_runner.js:7738:5)\n    at Async.drainQueues (http://automationpractice.com/__cypress/runner/cypress_runner.js:7608:14)\nFrom Your Spec Code:\n    at Context.eval (http://automationpractice.com/__cypress/tests?p=cypress\\integration\\selectory.js:112:8)\n\nFrom Node.js Internals:\n  Error: connect ETIMEDOUT 173.231.240.87:80\n      at TCPConnectWrap.afterConnect [as oncomplete] (node:net:1142:16)\n  ",
                "diff": null
              },
              "uuid": "5fd87caa-7826-4487-9015-3a86bbbbbc9b",
              "parentUUID": "d0f3be41-ea23-4a0c-93f6-3209699f187d",
              "isHook": false,
              "skipped": false
            }
          ],
          "suites": [],
          "passes": [],
          "failures": [
            "5fd87caa-7826-4487-9015-3a86bbbbbc9b"
          ],
          "pending": [],
          "skipped": [],
          "duration": 21148,
          "root": false,
          "rootEmpty": false,
          "_timeout": 2000
        }
      ],
      "passes": [],
      "failures": [],
      "pending": [],
      "skipped": [],
      "duration": 0,
      "root": true,
      "rootEmpty": true,
      "_timeout": 2000
    }
  ],
  "meta": {
    "mocha": {
      "version": "7.0.1"
    },
    "mochawesome": {
      "options": {
        "quiet": false,
        "reportFilename": "mochawesome",
        "saveHtml": false,
        "saveJson": true,
        "consoleReporter": "spec",
        "useInlineDiffs": false,
        "code": true
      },
      "version": "7.1.3"
    },
    "marge": {
      "options": {
        "id": "default",
        "reportDir": "cypress/results/mochawesome",
        "overwrite": false,
        "html": false,
        "json": true
      },
      "version": "6.2.0"
    }
  }
}