{
  "stats": {
    "suites": 1,
    "tests": 1,
    "passes": 1,
    "pending": 0,
    "failures": 0,
    "start": "2022-08-09T19:07:11.324Z",
    "end": "2022-08-09T19:07:18.230Z",
    "duration": 6906,
    "testsRegistered": 1,
    "passPercent": 100,
    "pendingPercent": 0,
    "other": 0,
    "hasOther": false,
    "skipped": 0,
    "hasSkipped": false
  },
  "results": [
    {
      "uuid": "22e6715a-0f56-455a-b290-a499e32001b2",
      "title": "",
      "fullFile": "cypress/integration/invoke.js",
      "file": "cypress/integration/invoke.js",
      "beforeHooks": [],
      "afterHooks": [],
      "tests": [],
      "suites": [
        {
          "uuid": "70c1d714-d065-4a52-a2dc-0fc28c05585e",
          "title": "E2E - We learn how to use invoke method",
          "fullFile": "",
          "file": "",
          "beforeHooks": [],
          "afterHooks": [],
          "tests": [
            {
              "title": "Invoke",
              "fullTitle": "E2E - We learn how to use invoke method Invoke",
              "timedOut": null,
              "duration": 6892,
              "state": "passed",
              "speed": "medium",
              "pass": true,
              "fail": false,
              "pending": false,
              "context": null,
              "code": "cy.visit(\"/\"); //Pierwszy sposób wykorzystania metody invoke\ncy.get('[title=\"Contact Us\"]').invoke(\"text\").then(tekst => {\n  cy.log(tekst);\n}); //Drugi sposob wykorzystania metody invoke, uzyskanie dostepu do wartosci atrybuty\ncy.get('[title=\"Contact Us\"]').invoke(\"attr\", \"href\").then(link => {\n  cy.log(link);\n});\ncy.get('[title=\"Contact Us\"]').invoke(\"attr\", \"title\").then(title => {\n  cy.log(title);\n}); //Pobieranie wartości value\ncy.get('#search_query_top').type(\"Przykładowa wartość\").invoke(\"prop\", \"checked\").then(value => {\n  cy.log(value);\n});",
              "err": {},
              "uuid": "437e6f2e-e870-46f9-b90a-56bec5ca62a8",
              "parentUUID": "70c1d714-d065-4a52-a2dc-0fc28c05585e",
              "isHook": false,
              "skipped": false
            }
          ],
          "suites": [],
          "passes": [
            "437e6f2e-e870-46f9-b90a-56bec5ca62a8"
          ],
          "failures": [],
          "pending": [],
          "skipped": [],
          "duration": 6892,
          "root": false,
          "rootEmpty": false,
          "_timeout": 2000
        }
      ],
      "passes": [],
      "failures": [],
      "pending": [],
      "skipped": [],
      "duration": 0,
      "root": true,
      "rootEmpty": true,
      "_timeout": 2000
    }
  ],
  "meta": {
    "mocha": {
      "version": "7.0.1"
    },
    "mochawesome": {
      "options": {
        "quiet": false,
        "reportFilename": "mochawesome",
        "saveHtml": false,
        "saveJson": true,
        "consoleReporter": "spec",
        "useInlineDiffs": false,
        "code": true
      },
      "version": "7.1.3"
    },
    "marge": {
      "options": {
        "id": "default",
        "reportDir": "cypress/results/mochawesome",
        "overwrite": false,
        "html": false,
        "json": true
      },
      "version": "6.2.0"
    }
  }
}