{
  "stats": {
    "suites": 1,
    "tests": 1,
    "passes": 1,
    "pending": 0,
    "failures": 0,
    "start": "2022-08-09T19:08:37.028Z",
    "end": "2022-08-09T19:08:39.308Z",
    "duration": 2280,
    "testsRegistered": 1,
    "passPercent": 100,
    "pendingPercent": 0,
    "other": 0,
    "hasOther": false,
    "skipped": 0,
    "hasSkipped": false
  },
  "results": [
    {
      "uuid": "a3751634-49c4-49ef-8e6c-31e2369ce27b",
      "title": "",
      "fullFile": "cypress/integration/shadowDom.js",
      "file": "cypress/integration/shadowDom.js",
      "beforeHooks": [],
      "afterHooks": [],
      "tests": [],
      "suites": [
        {
          "uuid": "b19b2cb3-6f83-4033-83ff-8fb4709209cb",
          "title": "E2E - We learn how to click on element in Shoadowdom",
          "fullFile": "",
          "file": "",
          "beforeHooks": [],
          "afterHooks": [],
          "tests": [
            {
              "title": "Click on element with method shadow",
              "fullTitle": "E2E - We learn how to click on element in Shoadowdom Click on element with method shadow",
              "timedOut": null,
              "duration": 608,
              "state": "passed",
              "speed": "fast",
              "pass": true,
              "fail": false,
              "pending": false,
              "context": null,
              "code": "cy.visit(\"https://www.htmlelements.com/demos/menu/shadow-dom/index.htm\"); // cy.contains(\"File\"); //it works only when whe have true value for shadowdom in cypress.json\ncy.get(\".smart-ui-component\").shadow().contains(\"File\").click();",
              "err": {},
              "uuid": "c110c21f-6bd5-4521-ad1c-ba615fbb04f1",
              "parentUUID": "b19b2cb3-6f83-4033-83ff-8fb4709209cb",
              "isHook": false,
              "skipped": false
            }
          ],
          "suites": [],
          "passes": [
            "c110c21f-6bd5-4521-ad1c-ba615fbb04f1"
          ],
          "failures": [],
          "pending": [],
          "skipped": [],
          "duration": 608,
          "root": false,
          "rootEmpty": false,
          "_timeout": 2000
        }
      ],
      "passes": [],
      "failures": [],
      "pending": [],
      "skipped": [],
      "duration": 0,
      "root": true,
      "rootEmpty": true,
      "_timeout": 2000
    }
  ],
  "meta": {
    "mocha": {
      "version": "7.0.1"
    },
    "mochawesome": {
      "options": {
        "quiet": false,
        "reportFilename": "mochawesome",
        "saveHtml": false,
        "saveJson": true,
        "consoleReporter": "spec",
        "useInlineDiffs": false,
        "code": true
      },
      "version": "7.1.3"
    },
    "marge": {
      "options": {
        "id": "default",
        "reportDir": "cypress/results/mochawesome",
        "overwrite": false,
        "html": false,
        "json": true
      },
      "version": "6.2.0"
    }
  }
}