{
  "stats": {
    "suites": 1,
    "tests": 2,
    "passes": 2,
    "pending": 0,
    "failures": 0,
    "start": "2022-08-09T19:08:40.798Z",
    "end": "2022-08-09T19:08:56.061Z",
    "duration": 15263,
    "testsRegistered": 2,
    "passPercent": 100,
    "pendingPercent": 0,
    "other": 0,
    "hasOther": false,
    "skipped": 0,
    "hasSkipped": false
  },
  "results": [
    {
      "uuid": "c7cd7159-fda3-4358-be0a-f1f14e9e6048",
      "title": "",
      "fullFile": "cypress/integration/triggerLesson.js",
      "file": "cypress/integration/triggerLesson.js",
      "beforeHooks": [],
      "afterHooks": [],
      "tests": [],
      "suites": [
        {
          "uuid": "a1dd6bfa-ab72-4dbe-8234-b519f83d6729",
          "title": "E2E - We learn how to trigger",
          "fullFile": "",
          "file": "",
          "beforeHooks": [],
          "afterHooks": [],
          "tests": [
            {
              "title": "Moveover on element",
              "fullTitle": "E2E - We learn how to trigger Moveover on element",
              "timedOut": null,
              "duration": 15234,
              "state": "passed",
              "speed": "slow",
              "pass": true,
              "fail": false,
              "pending": false,
              "context": null,
              "code": "cy.visit(\"/\");\ncy.get('a[title=\"Dresses\"]').eq(1).trigger(\"focus\");\ncy.get('a[title=\"Summer Dresses\"]').eq(1).click();",
              "err": {},
              "uuid": "3260c966-2d92-4ce7-ba95-969c0a37c36e",
              "parentUUID": "a1dd6bfa-ab72-4dbe-8234-b519f83d6729",
              "isHook": false,
              "skipped": false
            },
            {
              "title": "Scroll page to Special category",
              "fullTitle": "E2E - We learn how to trigger Scroll page to Special category",
              "timedOut": null,
              "duration": 15,
              "state": "passed",
              "speed": "fast",
              "pass": true,
              "fail": false,
              "pending": false,
              "context": null,
              "code": "cy.get('p.title_block a[title=\"Specials\"]').scrollIntoView();",
              "err": {},
              "uuid": "39aefd46-13c7-4b1c-b2d9-fe9b57a423ea",
              "parentUUID": "a1dd6bfa-ab72-4dbe-8234-b519f83d6729",
              "isHook": false,
              "skipped": false
            }
          ],
          "suites": [],
          "passes": [
            "3260c966-2d92-4ce7-ba95-969c0a37c36e",
            "39aefd46-13c7-4b1c-b2d9-fe9b57a423ea"
          ],
          "failures": [],
          "pending": [],
          "skipped": [],
          "duration": 15249,
          "root": false,
          "rootEmpty": false,
          "_timeout": 2000
        }
      ],
      "passes": [],
      "failures": [],
      "pending": [],
      "skipped": [],
      "duration": 0,
      "root": true,
      "rootEmpty": true,
      "_timeout": 2000
    }
  ],
  "meta": {
    "mocha": {
      "version": "7.0.1"
    },
    "mochawesome": {
      "options": {
        "quiet": false,
        "reportFilename": "mochawesome",
        "saveHtml": false,
        "saveJson": true,
        "consoleReporter": "spec",
        "useInlineDiffs": false,
        "code": true
      },
      "version": "7.1.3"
    },
    "marge": {
      "options": {
        "id": "default",
        "reportDir": "cypress/results/mochawesome",
        "overwrite": false,
        "html": false,
        "json": true
      },
      "version": "6.2.0"
    }
  }
}