{
  "stats": {
    "suites": 1,
    "tests": 1,
    "passes": 1,
    "pending": 0,
    "failures": 0,
    "start": "2022-08-09T19:08:03.831Z",
    "end": "2022-08-09T19:08:08.592Z",
    "duration": 4761,
    "testsRegistered": 1,
    "passPercent": 100,
    "pendingPercent": 0,
    "other": 0,
    "hasOther": false,
    "skipped": 0,
    "hasSkipped": false
  },
  "results": [
    {
      "uuid": "d3b56fde-4d47-480e-b320-ef457f75e180",
      "title": "",
      "fullFile": "cypress/integration/pageObjectModelFirst.js",
      "file": "cypress/integration/pageObjectModelFirst.js",
      "beforeHooks": [],
      "afterHooks": [],
      "tests": [],
      "suites": [
        {
          "uuid": "92635cad-9f19-4430-a227-0f75869260ba",
          "title": "E2E - We learn how to select Page Object Model ",
          "fullFile": "",
          "file": "",
          "beforeHooks": [],
          "afterHooks": [],
          "tests": [
            {
              "title": "Click on element",
              "fullTitle": "E2E - We learn how to select Page Object Model  Click on element",
              "timedOut": null,
              "duration": 4746,
              "state": "passed",
              "speed": "fast",
              "pass": true,
              "fail": false,
              "pending": false,
              "context": null,
              "code": "cy.visit(\"/index.php?id_category=3&controller=category\");\n_selectPage.default.selectAllOption(); // cy.get(\"#selectProductSort\").then(select =>{\n//     cy.wrap(select).find(\"option\").each(item =>{\n//         cy.wrap(select).select(item.text());\n//     })\n// })",
              "err": {},
              "uuid": "69396414-e435-4c92-aafc-5f38ae0a9f00",
              "parentUUID": "92635cad-9f19-4430-a227-0f75869260ba",
              "isHook": false,
              "skipped": false
            }
          ],
          "suites": [],
          "passes": [
            "69396414-e435-4c92-aafc-5f38ae0a9f00"
          ],
          "failures": [],
          "pending": [],
          "skipped": [],
          "duration": 4746,
          "root": false,
          "rootEmpty": false,
          "_timeout": 2000
        }
      ],
      "passes": [],
      "failures": [],
      "pending": [],
      "skipped": [],
      "duration": 0,
      "root": true,
      "rootEmpty": true,
      "_timeout": 2000
    }
  ],
  "meta": {
    "mocha": {
      "version": "7.0.1"
    },
    "mochawesome": {
      "options": {
        "quiet": false,
        "reportFilename": "mochawesome",
        "saveHtml": false,
        "saveJson": true,
        "consoleReporter": "spec",
        "useInlineDiffs": false,
        "code": true
      },
      "version": "7.1.3"
    },
    "marge": {
      "options": {
        "id": "default",
        "reportDir": "cypress/results/mochawesome",
        "overwrite": false,
        "html": false,
        "json": true
      },
      "version": "6.2.0"
    }
  }
}