{
  "stats": {
    "suites": 1,
    "tests": 2,
    "passes": 2,
    "pending": 0,
    "failures": 0,
    "start": "2022-08-09T19:08:10.425Z",
    "end": "2022-08-09T19:08:11.558Z",
    "duration": 1133,
    "testsRegistered": 2,
    "passPercent": 100,
    "pendingPercent": 0,
    "other": 0,
    "hasOther": false,
    "skipped": 0,
    "hasSkipped": false
  },
  "results": [
    {
      "uuid": "c7ade8dc-1b3c-4a63-b568-18266fd641a3",
      "title": "",
      "fullFile": "cypress/integration/pageObjectModelSecond.js",
      "file": "cypress/integration/pageObjectModelSecond.js",
      "beforeHooks": [],
      "afterHooks": [],
      "tests": [],
      "suites": [
        {
          "uuid": "e6f9e30d-d8b2-4f1a-9b74-582955c83921",
          "title": "E2E - We learn how to check correctly popup alert",
          "fullFile": "",
          "file": "",
          "beforeHooks": [],
          "afterHooks": [],
          "tests": [
            {
              "title": "We popup alerts",
              "fullTitle": "E2E - We learn how to check correctly popup alert We popup alerts",
              "timedOut": null,
              "duration": 170,
              "state": "passed",
              "speed": "fast",
              "pass": true,
              "fail": false,
              "pending": false,
              "context": null,
              "code": "cy.visit(\"https://testowanie-oprogramowania.pl/lekcje/alerty/\");\n_alertPage.default.clickFirstButton();\n_alertPage.default.veryfiFirstAlertText(\"Przykładowa treść alertu\");",
              "err": {},
              "uuid": "5e7e93de-1342-4021-8bd5-2fe9f12839a2",
              "parentUUID": "e6f9e30d-d8b2-4f1a-9b74-582955c83921",
              "isHook": false,
              "skipped": false
            },
            {
              "title": "Second alert",
              "fullTitle": "E2E - We learn how to check correctly popup alert Second alert",
              "timedOut": null,
              "duration": 89,
              "state": "passed",
              "speed": "fast",
              "pass": true,
              "fail": false,
              "pending": false,
              "context": null,
              "code": "_alertPage.default.clickSecondButton();\n_alertPage.default.veryfiSecondAlertText();\n_alertPage.default.acceptAlert();",
              "err": {},
              "uuid": "379c0517-bc35-48ce-86e6-8fa158db9fae",
              "parentUUID": "e6f9e30d-d8b2-4f1a-9b74-582955c83921",
              "isHook": false,
              "skipped": false
            }
          ],
          "suites": [],
          "passes": [
            "5e7e93de-1342-4021-8bd5-2fe9f12839a2",
            "379c0517-bc35-48ce-86e6-8fa158db9fae"
          ],
          "failures": [],
          "pending": [],
          "skipped": [],
          "duration": 259,
          "root": false,
          "rootEmpty": false,
          "_timeout": 2000
        }
      ],
      "passes": [],
      "failures": [],
      "pending": [],
      "skipped": [],
      "duration": 0,
      "root": true,
      "rootEmpty": true,
      "_timeout": 2000
    }
  ],
  "meta": {
    "mocha": {
      "version": "7.0.1"
    },
    "mochawesome": {
      "options": {
        "quiet": false,
        "reportFilename": "mochawesome",
        "saveHtml": false,
        "saveJson": true,
        "consoleReporter": "spec",
        "useInlineDiffs": false,
        "code": true
      },
      "version": "7.1.3"
    },
    "marge": {
      "options": {
        "id": "default",
        "reportDir": "cypress/results/mochawesome",
        "overwrite": false,
        "html": false,
        "json": true
      },
      "version": "6.2.0"
    }
  }
}