{
  "stats": {
    "suites": 1,
    "tests": 1,
    "passes": 1,
    "pending": 0,
    "failures": 0,
    "start": "2022-08-09T19:08:58.836Z",
    "end": "2022-08-09T19:09:23.931Z",
    "duration": 25095,
    "testsRegistered": 1,
    "passPercent": 100,
    "pendingPercent": 0,
    "other": 0,
    "hasOther": false,
    "skipped": 0,
    "hasSkipped": false
  },
  "results": [
    {
      "uuid": "72c9525c-6fc3-4a3b-b8ed-fbd04af2c2f9",
      "title": "",
      "fullFile": "cypress/integration/uploadPlikow.js",
      "file": "cypress/integration/uploadPlikow.js",
      "beforeHooks": [],
      "afterHooks": [],
      "tests": [],
      "suites": [
        {
          "uuid": "c21a4045-914f-4ffb-a648-fa68ac623928",
          "title": "E2E - We learn how to upload files into application",
          "fullFile": "",
          "file": "",
          "beforeHooks": [],
          "afterHooks": [],
          "tests": [
            {
              "title": "Upload files on demand",
              "fullTitle": "E2E - We learn how to upload files into application Upload files on demand",
              "timedOut": null,
              "duration": 25081,
              "state": "passed",
              "speed": "slow",
              "pass": true,
              "fail": false,
              "pending": false,
              "context": null,
              "code": "cy.visit(\"/index.php?controller=contact\");\ncy.get(\"#fileUpload\").attachFile(\"../fixtures/kotek_zaba.jpg\");\ncy.get(\"span.filename\").should(\"contain\", \"kotek_zaba.jpg\");",
              "err": {},
              "uuid": "43778c32-092c-4b17-a1fa-dde82a14ec17",
              "parentUUID": "c21a4045-914f-4ffb-a648-fa68ac623928",
              "isHook": false,
              "skipped": false
            }
          ],
          "suites": [],
          "passes": [
            "43778c32-092c-4b17-a1fa-dde82a14ec17"
          ],
          "failures": [],
          "pending": [],
          "skipped": [],
          "duration": 25081,
          "root": false,
          "rootEmpty": false,
          "_timeout": 2000
        }
      ],
      "passes": [],
      "failures": [],
      "pending": [],
      "skipped": [],
      "duration": 0,
      "root": true,
      "rootEmpty": true,
      "_timeout": 2000
    }
  ],
  "meta": {
    "mocha": {
      "version": "7.0.1"
    },
    "mochawesome": {
      "options": {
        "quiet": false,
        "reportFilename": "mochawesome",
        "saveHtml": false,
        "saveJson": true,
        "consoleReporter": "spec",
        "useInlineDiffs": false,
        "code": true
      },
      "version": "7.1.3"
    },
    "marge": {
      "options": {
        "id": "default",
        "reportDir": "cypress/results/mochawesome",
        "overwrite": false,
        "html": false,
        "json": true
      },
      "version": "6.2.0"
    }
  }
}