{
  "stats": {
    "suites": 1,
    "tests": 1,
    "passes": 1,
    "pending": 0,
    "failures": 0,
    "start": "2022-08-09T19:07:58.286Z",
    "end": "2022-08-09T19:08:02.309Z",
    "duration": 4023,
    "testsRegistered": 1,
    "passPercent": 100,
    "pendingPercent": 0,
    "other": 0,
    "hasOther": false,
    "skipped": 0,
    "hasSkipped": false
  },
  "results": [
    {
      "uuid": "442d06be-ff6f-4e0b-b39a-1e89bf12c8ae",
      "title": "",
      "fullFile": "cypress/integration/lokalizatory.js",
      "file": "cypress/integration/lokalizatory.js",
      "beforeHooks": [],
      "afterHooks": [],
      "tests": [],
      "suites": [
        {
          "uuid": "2e71c81b-9b90-4174-8f4b-5905b612ef43",
          "title": "E2E - First Lesson",
          "fullFile": "",
          "file": "",
          "beforeHooks": [],
          "afterHooks": [],
          "tests": [
            {
              "title": "Lokalizatory_v2",
              "fullTitle": "E2E - First Lesson Lokalizatory_v2",
              "timedOut": null,
              "duration": 4004,
              "state": "passed",
              "speed": "fast",
              "pass": true,
              "fail": false,
              "pending": false,
              "context": null,
              "code": "cy.visit(\"\");\ncy.contains(\"Shop now !\");\ncy.contains('[title=\"Contact Us\"]', \"Contact us\");\ncy.get(\"li\").parent(\"#home-page-tabs\").find(\"li\").eq(1); //wyszukanie elementu li po ID rodzica a nastepnie wskazanie indeksu elementu ktorego chcemy pobrac\n// cy.get(\"li\").parent(\"#home-page-tabs\").find(\"li\").first() //wyszukanie elementu li po ID rodzica a wybierze pierwszy element ktory napotkał\ncy.get(\"li\").parent(\"#home-page-tabs\").find(\"li\").contains(\"Best Sellers\");",
              "err": {},
              "uuid": "1ce4dfc1-7748-402c-97a3-93836e29b7b2",
              "parentUUID": "2e71c81b-9b90-4174-8f4b-5905b612ef43",
              "isHook": false,
              "skipped": false
            }
          ],
          "suites": [],
          "passes": [
            "1ce4dfc1-7748-402c-97a3-93836e29b7b2"
          ],
          "failures": [],
          "pending": [],
          "skipped": [],
          "duration": 4004,
          "root": false,
          "rootEmpty": false,
          "_timeout": 2000
        }
      ],
      "passes": [],
      "failures": [],
      "pending": [],
      "skipped": [],
      "duration": 0,
      "root": true,
      "rootEmpty": true,
      "_timeout": 2000
    }
  ],
  "meta": {
    "mocha": {
      "version": "7.0.1"
    },
    "mochawesome": {
      "options": {
        "quiet": false,
        "reportFilename": "mochawesome",
        "saveHtml": false,
        "saveJson": true,
        "consoleReporter": "spec",
        "useInlineDiffs": false,
        "code": true
      },
      "version": "7.1.3"
    },
    "marge": {
      "options": {
        "id": "default",
        "reportDir": "cypress/results/mochawesome",
        "overwrite": false,
        "html": false,
        "json": true
      },
      "version": "6.2.0"
    }
  }
}