<?xml version="1.0" encoding="UTF-8"?>
<testsuites name="Mocha Tests" time="15.2630" tests="2" failures="0">
  <testsuite name="Root Suite" timestamp="2022-08-09T19:08:40" tests="0" file="cypress/integration/triggerLesson.js" time="0.0000" failures="0">
  </testsuite>
  <testsuite name="E2E - We learn how to trigger" timestamp="2022-08-09T19:08:40" tests="2" time="15.2550" failures="0">
    <testcase name="E2E - We learn how to trigger Moveover on element" time="15.2340" classname="Moveover on element">
    </testcase>
    <testcase name="E2E - We learn how to trigger Scroll page to Special category" time="0.0150" classname="Scroll page to Special category">
    </testcase>
  </testsuite>
</testsuites>