<?xml version="1.0" encoding="UTF-8"?>
<testsuites name="Mocha Tests" time="3.7330" tests="1" failures="0">
  <testsuite name="Root Suite" timestamp="2022-08-09T19:07:52" tests="0" file="cypress/integration/lighthouseTest.js" time="0.0000" failures="0">
  </testsuite>
  <testsuite name="We check if lighthouse works propelty" timestamp="2022-08-09T19:07:52" tests="1" time="3.7240" failures="0">
    <testcase name="We check if lighthouse works propelty First test" time="1.5780" classname="First test">
    </testcase>
  </testsuite>
</testsuites>