<?xml version="1.0" encoding="UTF-8"?>
<testsuites name="Mocha Tests" time="0.7750" tests="1" failures="1">
  <testsuite name="Root Suite" timestamp="2022-08-09T19:04:42" tests="0" file="cypress/integration/apiTests/sendRequestAPI.js" time="0.0000" failures="0">
  </testsuite>
  <testsuite name="E2E - We learn how to test response from API using cypress" timestamp="2022-08-09T19:04:42" tests="1" time="0.7660" failures="1">
    <testcase name="E2E - We learn how to test response from API using cypress API Test - user authorization, create varibale for token" time="0.0000" classname="API Test - user authorization, create varibale for token">
      <failure message="`cy.request()` failed on:

https://api.realworld.io/api/articles/

The response we received from your web server was:

  &gt; 422: Unprocessable Entity

This was considered a failure because the status code was not `2xx` or `3xx`.

If you do not want status codes to cause failures pass the option: `failOnStatusCode: false`

-----------------------------------------------------------

The request we sent was:

Method: POST
URL: https://api.realworld.io/api/articles/
Headers: {
  &quot;Connection&quot;: &quot;keep-alive&quot;,
  &quot;authorization&quot;: &quot;Token eyJhbGciOiJIUzI1NiIsInR5cCI6IkpXVCJ9.eyJlbWFpbCI6Im1pY2hhbF96ZWxnYUB0ZXN0LnBsIiwidXNlcm5hbWUiOiJtaWNoYWxfemVsZ2EiLCJpYXQiOjE2NjAwNzE4ODMsImV4cCI6MTY2NTI1NTg4M30.dLEp6fB7_9Kr1oHiR5aq_X_lHqRqqlK_cXK0BV38nT8&quot;,
  &quot;user-agent&quot;: &quot;Mozilla/5.0 (Windows NT 10.0; Win64; x64) AppleWebKit/537.36 (KHTML, like Gecko) Cypress/9.5.1 Chrome/94.0.4606.81 Electron/15.3.4 Safari/537.36&quot;,
  &quot;accept&quot;: &quot;*/*&quot;,
  &quot;accept-encoding&quot;: &quot;gzip, deflate&quot;,
  &quot;content-type&quot;: &quot;application/json&quot;,
  &quot;content-length&quot;: 87
}
Body: {&quot;article&quot;:{&quot;tagList&quot;:[],&quot;title&quot;:&quot;Now1y A3rt2ykuł&quot;,&quot;description&quot;:&quot;test&quot;,&quot;body&quot;:&quot;tes&quot;}}

-----------------------------------------------------------

The response we got was:

Status: 422 - Unprocessable Entity
Headers: {
  &quot;date&quot;: &quot;Tue, 09 Aug 2022 19:04:43 GMT&quot;,
  &quot;content-type&quot;: &quot;application/json; charset=utf-8&quot;,
  &quot;content-length&quot;: &quot;39&quot;,
  &quot;connection&quot;: &quot;keep-alive&quot;,
  &quot;x-powered-by&quot;: &quot;Express&quot;,
  &quot;access-control-allow-origin&quot;: &quot;*&quot;,
  &quot;etag&quot;: &quot;W/\&quot;27-BNeuaWQ7DHvW/r+pl+qdJiF06Is\&quot;&quot;,
  &quot;via&quot;: &quot;1.1 vegur&quot;,
  &quot;cf-cache-status&quot;: &quot;DYNAMIC&quot;,
  &quot;expect-ct&quot;: &quot;max-age=604800, report-uri=\&quot;https://report-uri.cloudflare.com/cdn-cgi/beacon/expect-ct\&quot;&quot;,
  &quot;report-to&quot;: &quot;{\&quot;endpoints\&quot;:[{\&quot;url\&quot;:\&quot;https:\\/\\/a.nel.cloudflare.com\\/report\\/v3?s=qNaZwzDgGyOh3PKiqmz4Z%2BWTtZuv5mvpUPJljkNm1Q3IJvAskp4exlz9rEABOp0IZm1rqcXgqY3suJsbknbD6Rx5dj9sOmdZzK2%2BqXFi9qo4TAI3GHqGV81JA0YwVdB3yY%2Fm\&quot;}],\&quot;group\&quot;:\&quot;cf-nel\&quot;,\&quot;max_age\&quot;:604800}&quot;,
  &quot;nel&quot;: &quot;{\&quot;success_fraction\&quot;:0,\&quot;report_to\&quot;:\&quot;cf-nel\&quot;,\&quot;max_age\&quot;:604800}&quot;,
  &quot;server&quot;: &quot;cloudflare&quot;,
  &quot;cf-ray&quot;: &quot;7382c2559c21c270-VIE&quot;,
  &quot;alt-svc&quot;: &quot;h3=\&quot;:443\&quot;; ma=86400, h3-29=\&quot;:443\&quot;; ma=86400&quot;
}
Body: {
  &quot;errors&quot;: {
    &quot;title&quot;: [
      &quot;must be unique&quot;
    ]
  }
}


https://on.cypress.io/request" type="CypressError"><![CDATA[CypressError: `cy.request()` failed on:

https://api.realworld.io/api/articles/

The response we received from your web server was:

  > 422: Unprocessable Entity

This was considered a failure because the status code was not `2xx` or `3xx`.

If you do not want status codes to cause failures pass the option: `failOnStatusCode: false`

-----------------------------------------------------------

The request we sent was:

Method: POST
URL: https://api.realworld.io/api/articles/
Headers: {
  "Connection": "keep-alive",
  "authorization": "Token eyJhbGciOiJIUzI1NiIsInR5cCI6IkpXVCJ9.eyJlbWFpbCI6Im1pY2hhbF96ZWxnYUB0ZXN0LnBsIiwidXNlcm5hbWUiOiJtaWNoYWxfemVsZ2EiLCJpYXQiOjE2NjAwNzE4ODMsImV4cCI6MTY2NTI1NTg4M30.dLEp6fB7_9Kr1oHiR5aq_X_lHqRqqlK_cXK0BV38nT8",
  "user-agent": "Mozilla/5.0 (Windows NT 10.0; Win64; x64) AppleWebKit/537.36 (KHTML, like Gecko) Cypress/9.5.1 Chrome/94.0.4606.81 Electron/15.3.4 Safari/537.36",
  "accept": "*/*",
  "accept-encoding": "gzip, deflate",
  "content-type": "application/json",
  "content-length": 87
}
Body: {"article":{"tagList":[],"title":"Now1y A3rt2ykuł","description":"test","body":"tes"}}

-----------------------------------------------------------

The response we got was:

Status: 422 - Unprocessable Entity
Headers: {
  "date": "Tue, 09 Aug 2022 19:04:43 GMT",
  "content-type": "application/json; charset=utf-8",
  "content-length": "39",
  "connection": "keep-alive",
  "x-powered-by": "Express",
  "access-control-allow-origin": "*",
  "etag": "W/\"27-BNeuaWQ7DHvW/r+pl+qdJiF06Is\"",
  "via": "1.1 vegur",
  "cf-cache-status": "DYNAMIC",
  "expect-ct": "max-age=604800, report-uri=\"https://report-uri.cloudflare.com/cdn-cgi/beacon/expect-ct\"",
  "report-to": "{\"endpoints\":[{\"url\":\"https:\\/\\/a.nel.cloudflare.com\\/report\\/v3?s=qNaZwzDgGyOh3PKiqmz4Z%2BWTtZuv5mvpUPJljkNm1Q3IJvAskp4exlz9rEABOp0IZm1rqcXgqY3suJsbknbD6Rx5dj9sOmdZzK2%2BqXFi9qo4TAI3GHqGV81JA0YwVdB3yY%2Fm\"}],\"group\":\"cf-nel\",\"max_age\":604800}",
  "nel": "{\"success_fraction\":0,\"report_to\":\"cf-nel\",\"max_age\":604800}",
  "server": "cloudflare",
  "cf-ray": "7382c2559c21c270-VIE",
  "alt-svc": "h3=\":443\"; ma=86400, h3-29=\":443\"; ma=86400"
}
Body: {
  "errors": {
    "title": [
      "must be unique"
    ]
  }
}


https://on.cypress.io/request
    at http://automationpractice.com/__cypress/runner/cypress_runner.js:160634:80
    at tryCatcher (http://automationpractice.com/__cypress/runner/cypress_runner.js:13022:23)
    at Promise._settlePromiseFromHandler (http://automationpractice.com/__cypress/runner/cypress_runner.js:10957:31)
    at Promise._settlePromise (http://automationpractice.com/__cypress/runner/cypress_runner.js:11014:18)
    at Promise._settlePromise0 (http://automationpractice.com/__cypress/runner/cypress_runner.js:11059:10)
    at Promise._settlePromises (http://automationpractice.com/__cypress/runner/cypress_runner.js:11139:18)
    at _drainQueueStep (http://automationpractice.com/__cypress/runner/cypress_runner.js:7729:12)
    at _drainQueue (http://automationpractice.com/__cypress/runner/cypress_runner.js:7722:9)
    at Async.../../node_modules/bluebird/js/release/async.js.Async._drainQueues (http://automationpractice.com/__cypress/runner/cypress_runner.js:7738:5)
    at Async.drainQueues (http://automationpractice.com/__cypress/runner/cypress_runner.js:7608:14)
From Your Spec Code:
    at Context.eval (http://automationpractice.com/__cypress/tests?p=cypress\integration\apiTests\sendRequestAPI.js:126:10)]]></failure>
    </testcase>
  </testsuite>
</testsuites>