<?xml version="1.0" encoding="UTF-8"?>
<testsuites name="Mocha Tests" time="34.2860" tests="1" failures="1">
  <testsuite name="Root Suite" timestamp="2022-08-09T19:39:01" tests="0" file="cypress/integration/visualTesting.js" time="0.0000" failures="0">
  </testsuite>
  <testsuite name="E2E - We learn how test visual regresion" timestamp="2022-08-09T19:39:01" tests="1" time="34.2790" failures="1">
    <testcase name="E2E - We learn how test visual regresion We veryfi elements" time="0.0000" classname="We veryfi elements">
      <failure message="`cy.screenshot()` timed out waiting `30000ms` to complete." type="CypressError"><![CDATA[CypressError: `cy.screenshot()` timed out waiting `30000ms` to complete.
    at https://picsum.photos/__cypress/runner/cypress_runner.js:160778:81
    at tryCatcher (https://picsum.photos/__cypress/runner/cypress_runner.js:13022:23)
    at https://picsum.photos/__cypress/runner/cypress_runner.js:8144:41
    at tryCatcher (https://picsum.photos/__cypress/runner/cypress_runner.js:13022:23)
    at Promise._settlePromiseFromHandler (https://picsum.photos/__cypress/runner/cypress_runner.js:10957:31)
    at Promise._settlePromise (https://picsum.photos/__cypress/runner/cypress_runner.js:11014:18)
    at Promise._settlePromise0 (https://picsum.photos/__cypress/runner/cypress_runner.js:11059:10)
    at Promise._settlePromises (https://picsum.photos/__cypress/runner/cypress_runner.js:11135:18)
    at _drainQueueStep (https://picsum.photos/__cypress/runner/cypress_runner.js:7729:12)
    at _drainQueue (https://picsum.photos/__cypress/runner/cypress_runner.js:7722:9)
    at Async.../../node_modules/bluebird/js/release/async.js.Async._drainQueues (https://picsum.photos/__cypress/runner/cypress_runner.js:7738:5)
    at Async.drainQueues (https://picsum.photos/__cypress/runner/cypress_runner.js:7608:14)]]></failure>
    </testcase>
  </testsuite>
</testsuites>