<?xml version="1.0" encoding="UTF-8"?>
<testsuites name="Mocha Tests" time="21.1730" tests="1" failures="1">
  <testsuite name="Root Suite" timestamp="2022-08-09T19:08:13" tests="0" file="cypress/integration/selectory.js" time="0.0000" failures="0">
  </testsuite>
  <testsuite name="E2E - We learn how to select some values from list" timestamp="2022-08-09T19:08:13" tests="1" time="21.1630" failures="1">
    <testcase name="E2E - We learn how to select some values from list Click all avaibe option from list" time="0.0000" classname="Click all avaibe option from list">
      <failure message="`cy.visit()` failed trying to load:

http://automationpractice.com/index.php?id_category=3&amp;controller=category

We attempted to make an http request to this URL but the request failed without a response.

We received this error at the network level:

  &gt; Error: connect ETIMEDOUT 173.231.240.87:80

Common situations why this would fail:
  - you don&apos;t have internet access
  - you forgot to run / boot your web server
  - your web server isn&apos;t accessible
  - you have weird network configuration settings on your computer" type="CypressError"><![CDATA[CypressError: `cy.visit()` failed trying to load:

http://automationpractice.com/index.php?id_category=3&controller=category

We attempted to make an http request to this URL but the request failed without a response.

We received this error at the network level:

  > Error: connect ETIMEDOUT 173.231.240.87:80

Common situations why this would fail:
  - you don't have internet access
  - you forgot to run / boot your web server
  - your web server isn't accessible
  - you have weird network configuration settings on your computer
    at http://automationpractice.com/__cypress/runner/cypress_runner.js:159293:82
    at visitFailedByErr (http://automationpractice.com/__cypress/runner/cypress_runner.js:158643:12)
    at http://automationpractice.com/__cypress/runner/cypress_runner.js:159292:11
    at tryCatcher (http://automationpractice.com/__cypress/runner/cypress_runner.js:13022:23)
    at Promise._settlePromiseFromHandler (http://automationpractice.com/__cypress/runner/cypress_runner.js:10957:31)
    at Promise._settlePromise (http://automationpractice.com/__cypress/runner/cypress_runner.js:11014:18)
    at Promise._settlePromise0 (http://automationpractice.com/__cypress/runner/cypress_runner.js:11059:10)
    at Promise._settlePromises (http://automationpractice.com/__cypress/runner/cypress_runner.js:11135:18)
    at _drainQueueStep (http://automationpractice.com/__cypress/runner/cypress_runner.js:7729:12)
    at _drainQueue (http://automationpractice.com/__cypress/runner/cypress_runner.js:7722:9)
    at Async.../../node_modules/bluebird/js/release/async.js.Async._drainQueues (http://automationpractice.com/__cypress/runner/cypress_runner.js:7738:5)
    at Async.drainQueues (http://automationpractice.com/__cypress/runner/cypress_runner.js:7608:14)
From Your Spec Code:
    at Context.eval (http://automationpractice.com/__cypress/tests?p=cypress\integration\selectory.js:112:8)

From Node.js Internals:
  Error: connect ETIMEDOUT 173.231.240.87:80
      at TCPConnectWrap.afterConnect [as oncomplete] (node:net:1142:16)
  ]]></failure>
    </testcase>
  </testsuite>
</testsuites>