<?xml version="1.0" encoding="UTF-8"?>
<testsuites name="Mocha Tests" time="4.0230" tests="1" failures="0">
  <testsuite name="Root Suite" timestamp="2022-08-09T19:07:58" tests="0" file="cypress/integration/lokalizatory.js" time="0.0000" failures="0">
  </testsuite>
  <testsuite name="E2E - First Lesson" timestamp="2022-08-09T19:07:58" tests="1" time="4.0110" failures="0">
    <testcase name="E2E - First Lesson Lokalizatory_v2" time="4.0040" classname="Lokalizatory_v2">
    </testcase>
  </testsuite>
</testsuites>